[debug] [2020-06-12T12:00:37.665Z] ----------------------------------------------------------------------
[debug] [2020-06-12T12:00:37.667Z] Command:       /usr/local/bin/node /usr/local/bin/firebase deploy --only functions
[debug] [2020-06-12T12:00:37.667Z] CLI Version:   8.4.0
[debug] [2020-06-12T12:00:37.667Z] Platform:      darwin
[debug] [2020-06-12T12:00:37.667Z] Node Version:  v10.16.3
[debug] [2020-06-12T12:00:37.668Z] Time:          Fri Jun 12 2020 14:00:37 GMT+0200 (Central European Summer Time)
[debug] [2020-06-12T12:00:37.668Z] ----------------------------------------------------------------------
[debug] [2020-06-12T12:00:37.668Z] 
[debug] [2020-06-12T12:00:37.679Z] > command requires scopes: ["email","openid","https://www.googleapis.com/auth/cloudplatformprojects.readonly","https://www.googleapis.com/auth/firebase","https://www.googleapis.com/auth/cloud-platform"]
[debug] [2020-06-12T12:00:37.680Z] > authorizing via signed-in user
[debug] [2020-06-12T12:00:37.680Z] [iam] checking project gostore-b24ab for permissions ["cloudfunctions.functions.create","cloudfunctions.functions.delete","cloudfunctions.functions.get","cloudfunctions.functions.list","cloudfunctions.functions.update","cloudfunctions.operations.get","firebase.projects.get"]
[debug] [2020-06-12T12:00:37.683Z] > refreshing access token with scopes: ["email","https://www.googleapis.com/auth/cloud-platform","https://www.googleapis.com/auth/cloudplatformprojects.readonly","https://www.googleapis.com/auth/firebase","openid"]
[debug] [2020-06-12T12:00:37.683Z] >>> HTTP REQUEST POST https://www.googleapis.com/oauth2/v3/token  
 <request body omitted>
[debug] [2020-06-12T12:00:37.822Z] <<< HTTP RESPONSE 200 {"content-type":"application/json; charset=utf-8","vary":"X-Origin, Referer, Origin,Accept-Encoding","date":"Fri, 12 Jun 2020 12:00:37 GMT","server":"scaffolding on HTTPServer2","cache-control":"private","x-xss-protection":"0","x-frame-options":"SAMEORIGIN","x-content-type-options":"nosniff","alt-svc":"h3-27=\":443\"; ma=2592000,h3-25=\":443\"; ma=2592000,h3-T050=\":443\"; ma=2592000,h3-Q050=\":443\"; ma=2592000,h3-Q049=\":443\"; ma=2592000,h3-Q048=\":443\"; ma=2592000,h3-Q046=\":443\"; ma=2592000,h3-Q043=\":443\"; ma=2592000,quic=\":443\"; ma=2592000; v=\"46,43\"","accept-ranges":"none","transfer-encoding":"chunked"}
[debug] [2020-06-12T12:00:37.839Z] >>> HTTP REQUEST POST https://cloudresourcemanager.googleapis.com/v1/projects/gostore-b24ab:testIamPermissions  
 {"permissions":["cloudfunctions.functions.create","cloudfunctions.functions.delete","cloudfunctions.functions.get","cloudfunctions.functions.list","cloudfunctions.functions.update","cloudfunctions.operations.get","firebase.projects.get"]}
[debug] [2020-06-12T12:00:39.665Z] <<< HTTP RESPONSE 200 {"content-type":"application/json; charset=UTF-8","vary":"X-Origin, Referer, Origin,Accept-Encoding","date":"Fri, 12 Jun 2020 12:00:38 GMT","server":"ESF","cache-control":"private","x-xss-protection":"0","x-frame-options":"SAMEORIGIN","x-content-type-options":"nosniff","server-timing":"gfet4t7; dur=598","alt-svc":"h3-27=\":443\"; ma=2592000,h3-25=\":443\"; ma=2592000,h3-T050=\":443\"; ma=2592000,h3-Q050=\":443\"; ma=2592000,h3-Q049=\":443\"; ma=2592000,h3-Q048=\":443\"; ma=2592000,h3-Q046=\":443\"; ma=2592000,h3-Q043=\":443\"; ma=2592000,quic=\":443\"; ma=2592000; v=\"46,43\"","accept-ranges":"none","transfer-encoding":"chunked"}
[debug] [2020-06-12T12:00:39.666Z] >>> HTTP REQUEST POST https://iam.googleapis.com/v1/projects/gostore-b24ab/serviceAccounts/gostore-b24ab@appspot.gserviceaccount.com:testIamPermissions  
 {"permissions":["iam.serviceAccounts.actAs"]}
[debug] [2020-06-12T12:00:41.282Z] <<< HTTP RESPONSE 200 {"content-type":"application/json; charset=UTF-8","vary":"X-Origin, Referer, Origin,Accept-Encoding","date":"Fri, 12 Jun 2020 12:00:40 GMT","server":"ESF","cache-control":"private","x-xss-protection":"0","x-frame-options":"SAMEORIGIN","x-content-type-options":"nosniff","alt-svc":"h3-27=\":443\"; ma=2592000,h3-25=\":443\"; ma=2592000,h3-T050=\":443\"; ma=2592000,h3-Q050=\":443\"; ma=2592000,h3-Q049=\":443\"; ma=2592000,h3-Q048=\":443\"; ma=2592000,h3-Q046=\":443\"; ma=2592000,h3-Q043=\":443\"; ma=2592000,quic=\":443\"; ma=2592000; v=\"46,43\"","accept-ranges":"none","transfer-encoding":"chunked"}
[debug] [2020-06-12T12:10:29.927Z] ----------------------------------------------------------------------
[debug] [2020-06-12T12:10:29.929Z] Command:       /usr/local/bin/node /usr/local/bin/firebase deploy --only functions
[debug] [2020-06-12T12:10:29.930Z] CLI Version:   8.4.0
[debug] [2020-06-12T12:10:29.930Z] Platform:      darwin
[debug] [2020-06-12T12:10:29.930Z] Node Version:  v10.16.3
[debug] [2020-06-12T12:10:29.931Z] Time:          Fri Jun 12 2020 14:10:29 GMT+0200 (Central European Summer Time)
[debug] [2020-06-12T12:10:29.931Z] ----------------------------------------------------------------------
[debug] [2020-06-12T12:10:29.931Z] 
[debug] [2020-06-12T12:10:29.942Z] > command requires scopes: ["email","openid","https://www.googleapis.com/auth/cloudplatformprojects.readonly","https://www.googleapis.com/auth/firebase","https://www.googleapis.com/auth/cloud-platform"]
[debug] [2020-06-12T12:10:29.942Z] > authorizing via signed-in user
[debug] [2020-06-12T12:10:29.942Z] [iam] checking project gostore-b24ab for permissions ["cloudfunctions.functions.create","cloudfunctions.functions.delete","cloudfunctions.functions.get","cloudfunctions.functions.list","cloudfunctions.functions.update","cloudfunctions.operations.get","firebase.projects.get"]
[debug] [2020-06-12T12:10:29.945Z] >>> HTTP REQUEST POST https://cloudresourcemanager.googleapis.com/v1/projects/gostore-b24ab:testIamPermissions  
 {"permissions":["cloudfunctions.functions.create","cloudfunctions.functions.delete","cloudfunctions.functions.get","cloudfunctions.functions.list","cloudfunctions.functions.update","cloudfunctions.operations.get","firebase.projects.get"]}
